<?xml version="1.0" encoding="UTF-8"?>
<testsuite name="com.elena.trello.tests.BoardCreationTests" tests="1" skipped="0" failures="0" errors="0" timestamp="2020-02-08T19:56:22" hostname="Lena-Toshiba" time="41.64">
  <properties/>
  <testcase name="testBoardCreationFromHeader" classname="com.elena.trello.tests.BoardCreationTests" time="41.64"/>
  <system-out><![CDATA[21:55:41.488 [Test worker] INFO  com.elena.trello.tests.TestBase - Start test testBoardCreationFromHeader with parameters []
21:57:04.327 [Test worker] INFO  com.elena.trello.utils.Listener - testBoardCreationFromHeader PASSED
21:57:04.330 [Test worker] INFO  com.elena.trello.tests.TestBase - Stop test testBoardCreationFromHeader
]]></system-out>
  <system-err><![CDATA[]]></system-err>
</testsuite>
