<?xml version="1.0" encoding="UTF-8"?>
<testsuite name="com.elena.trello.tests.BoardCreationTests" tests="1" skipped="0" failures="0" errors="0" timestamp="2020-02-05T18:43:55" hostname="Lena-Toshiba" time="18.121">
  <properties/>
  <testcase name="testBoardCreationFromHeader" classname="com.elena.trello.tests.BoardCreationTests" time="18.121"/>
  <system-out><![CDATA[20:43:55.014 [Test worker] INFO  com.elena.trello.tests.TestBase - Start test testBoardCreationFromHeader with parameters []
20:44:13.150 [Test worker] INFO  com.elena.trello.utils.Listener - testBoardCreationFromHeader PASSED
20:44:13.151 [Test worker] INFO  com.elena.trello.tests.TestBase - Stop test testBoardCreationFromHeader
]]></system-out>
  <system-err><![CDATA[]]></system-err>
</testsuite>
