<?xml version="1.0" encoding="UTF-8"?>
<testsuite name="com.elena.trello.tests.BoardCreationTests" tests="1" skipped="0" failures="0" errors="0" timestamp="2020-02-02T22:05:31" hostname="Lena-Toshiba" time="26.537">
  <properties/>
  <testcase name="testBoardCreationFromHeader" classname="com.elena.trello.tests.BoardCreationTests" time="26.537"/>
  <system-out><![CDATA[00:04:52.105 [Test worker] INFO  com.elena.trello.tests.TestBase - Start test testBoardCreationFromHeader with parameters []
00:05:58.174 [Test worker] INFO  com.elena.trello.utils.Listener - testBoardCreationFromHeader PASSED
00:05:58.176 [Test worker] INFO  com.elena.trello.tests.TestBase - Stop test testBoardCreationFromHeader
]]></system-out>
  <system-err><![CDATA[]]></system-err>
</testsuite>
