<?xml version="1.0" encoding="UTF-8"?>
<testsuite name="com.elena.trello.tests.LoginTestHW" tests="2" skipped="0" failures="0" errors="0" timestamp="2020-02-05T18:42:28" hostname="Lena-Toshiba" time="86.456">
  <properties/>
  <testcase name="testLogInWithAtlassianAcc" classname="com.elena.trello.tests.LoginTestHW" time="38.331"/>
  <testcase name="testLogInWithAtlassianAcc2" classname="com.elena.trello.tests.LoginTestHW" time="35.657"/>
  <system-out><![CDATA[20:42:18.475 [Test worker] INFO  com.elena.trello.tests.TestBase - Start test testLogInWithAtlassianAcc with parameters []
20:43:06.878 [Test worker] INFO  com.elena.trello.utils.Listener - testLogInWithAtlassianAcc PASSED
20:43:06.881 [Test worker] INFO  com.elena.trello.tests.TestBase - Stop test testLogInWithAtlassianAcc
20:43:06.883 [Test worker] INFO  com.elena.trello.tests.TestBase - Start test testLogInWithAtlassianAcc2 with parameters []
20:43:55.002 [Test worker] INFO  com.elena.trello.utils.Listener - testLogInWithAtlassianAcc2 PASSED
20:43:55.006 [Test worker] INFO  com.elena.trello.tests.TestBase - Stop test testLogInWithAtlassianAcc2
]]></system-out>
  <system-err><![CDATA[]]></system-err>
</testsuite>
