<?xml version="1.0" encoding="UTF-8"?>
<testsuite name="com.elena.trello.tests.BoardCreationTests" tests="1" skipped="0" failures="0" errors="0" timestamp="2020-05-03T16:19:10" hostname="Lena-Toshiba" time="32.494">
  <properties/>
  <testcase name="testBoardCreationFromHeader" classname="com.elena.trello.tests.BoardCreationTests" time="32.494"/>
  <system-out><![CDATA[19:18:32.936 [Test worker] INFO  com.elena.trello.tests.TestBase - Start test testBoardCreationFromHeader with parameters []
19:19:42.791 [Test worker] INFO  com.elena.trello.utils.Listener - testBoardCreationFromHeader PASSED
19:19:42.793 [Test worker] INFO  com.elena.trello.tests.TestBase - Stop test testBoardCreationFromHeader
]]></system-out>
  <system-err><![CDATA[[1588522723.974][SEVERE]: Timed out receiving message from renderer: 0.100
[1588522724.516][SEVERE]: Timed out receiving message from renderer: 0.100
[1588522724.850][SEVERE]: Timed out receiving message from renderer: 0.100
[1588522732.361][SEVERE]: Timed out receiving message from renderer: 0.100
[1588522732.464][SEVERE]: Timed out receiving message from renderer: 0.100
[1588522732.569][SEVERE]: Timed out receiving message from renderer: 0.100
[1588522732.676][SEVERE]: Timed out receiving message from renderer: 0.100
[1588522732.779][SEVERE]: Timed out receiving message from renderer: 0.100
[1588522732.882][SEVERE]: Timed out receiving message from renderer: 0.100
[1588522733.375][SEVERE]: Timed out receiving message from renderer: 0.100
[1588522733.501][SEVERE]: Timed out receiving message from renderer: 0.100
[1588522733.916][SEVERE]: Timed out receiving message from renderer: 0.100
[1588522734.361][SEVERE]: Timed out receiving message from renderer: 0.100
]]></system-err>
</testsuite>
