<?xml version="1.0" encoding="UTF-8"?>
<testsuite name="com.elena.trello.tests.TeamDeletionTests" tests="1" skipped="0" failures="0" errors="0" timestamp="2020-02-03T14:52:23" hostname="Lena-Toshiba" time="106.288">
  <properties/>
  <testcase name="deleteTeamFromLeftNavMenu" classname="com.elena.trello.tests.TeamDeletionTests" time="106.288"/>
  <system-out><![CDATA[16:51:46.445 [Test worker] INFO  com.elena.trello.tests.TestBase - Start test deleteTeamFromLeftNavMenu with parameters []
16:54:09.880 [Test worker] INFO  com.elena.trello.utils.Listener - deleteTeamFromLeftNavMenu PASSED
16:54:09.886 [Test worker] INFO  com.elena.trello.tests.TestBase - Stop test deleteTeamFromLeftNavMenu
]]></system-out>
  <system-err><![CDATA[]]></system-err>
</testsuite>
